<?xml version='1.0' encoding='utf-8'?>
<!DOCTYPE coverage SYSTEM 'http://cobertura.sourceforge.net/xml/coverage-04.dtd'>
<coverage line-rate="0.7706161137440758" branch-rate="0.6002178649237473" lines-covered="813" lines-valid="1055" branches-covered="551" branches-valid="918" complexity="0.0" timestamp="1778431989" version="gcovr 8.6">
  <sources>
    <source>C:/GitHub/calidad_software_practicas/P4B9</source>
  </sources>
  <packages>
    <package name="build._deps.googletest-src.googletest.include.gtest" line-rate="0.08552631578947369" branch-rate="0.058823529411764705" complexity="0.0">
      <classes>
        <class name="gtest-assertion-result_h" filename="build/_deps/googletest-src/googletest/include/gtest/gtest-assertion-result.h" line-rate="0.12" branch-rate="0.0" complexity="0.0">
          <methods>
            <method name="testing::AssertionResult::AssertionResult&lt;bool&gt;" signature="(bool const&amp;, std::enable_if&lt;!std::is_convertible&lt;bool, testing::AssertionResult&gt;::value, void&gt;::type*)" line-rate="1.0" branch-rate="1.0" complexity="0.0">
              <lines>
                <line number="155" hits="18" branch="false"/>
                <line number="161" hits="18" branch="false"/>
              </lines>
            </method>
            <method name="testing::AssertionResult::operator bool" signature="() const" line-rate="1.0" branch-rate="1.0" complexity="0.0">
              <lines>
                <line number="174" hits="18" branch="false"/>
              </lines>
            </method>
            <method name="testing::AssertionResult::message" signature="() const" line-rate="0.0" branch-rate="0.0" complexity="0.0">
              <lines>
                <line number="183" hits="0" branch="false"/>
                <line number="184" hits="0" branch="true" condition-coverage="0% (0/2)">
                  <conditions>
                    <condition number="0" type="jump" coverage="0%"/>
                  </conditions>
                </line>
              </lines>
            </method>
            <method name="testing::AssertionResult::failure_message" signature="() const" line-rate="0.0" branch-rate="1.0" complexity="0.0">
              <lines>
                <line number="187" hits="0" branch="false"/>
              </lines>
            </method>
            <method name="testing::AssertionResult&amp; testing::AssertionResult::operator&lt;&lt; &lt;char [12]&gt;" signature="(char const (&amp;) [12])" line-rate="0.0" branch-rate="0.0" complexity="0.0">
              <lines>
                <line number="191" hits="0" branch="false"/>
                <line number="192" hits="0" branch="true" condition-coverage="0% (0/3)">
                  <conditions>
                    <condition number="0" type="jump" coverage="0%"/>
                  </conditions>
                </line>
                <line number="193" hits="0" branch="false"/>
              </lines>
            </method>
            <method name="testing::AssertionResult&amp; testing::AssertionResult::operator&lt;&lt; &lt;char [3]&gt;" signature="(char const (&amp;) [3])" line-rate="0.0" branch-rate="0.0" complexity="0.0">
              <lines>
                <line number="191" hits="0" branch="false"/>
                <line number="192" hits="0" branch="true" condition-coverage="0% (0/3)">
                  <conditions>
                    <condition number="0" type="jump" coverage="0%"/>
                  </conditions>
                </line>
                <line number="193" hits="0" branch="false"/>
              </lines>
            </method>
            <method name="testing::AssertionResult&amp; testing::AssertionResult::operator&lt;&lt; &lt;char [5]&gt;" signature="(char const (&amp;) [5])" line-rate="0.0" branch-rate="0.0" complexity="0.0">
              <lines>
                <line number="191" hits="0" branch="false"/>
                <line number="192" hits="0" branch="true" condition-coverage="0% (0/3)">
                  <conditions>
                    <condition number="0" type="jump" coverage="0%"/>
                  </conditions>
                </line>
                <line number="193" hits="0" branch="false"/>
              </lines>
            </method>
            <method name="testing::AssertionResult&amp; testing::AssertionResult::operator&lt;&lt; &lt;char const*&gt;" signature="(char const* const&amp;)" line-rate="0.0" branch-rate="0.0" complexity="0.0">
              <lines>
                <line number="191" hits="0" branch="false"/>
                <line number="192" hits="0" branch="true" condition-coverage="0% (0/3)">
                  <conditions>
                    <condition number="0" type="jump" coverage="0%"/>
                  </conditions>
                </line>
                <line number="193" hits="0" branch="false"/>
              </lines>
            </method>
            <method name="testing::AssertionResult&amp; testing::AssertionResult::operator&lt;&lt; &lt;std::__cxx11::basic_string&lt;char, std::char_traits&lt;char&gt;, std::allocator&lt;char&gt; &gt; &gt;" signature="(std::__cxx11::basic_string&lt;char, std::char_traits&lt;char&gt;, std::allocator&lt;char&gt; &gt; const&amp;)" line-rate="0.0" branch-rate="0.0" complexity="0.0">
              <lines>
                <line number="191" hits="0" branch="false"/>
                <line number="192" hits="0" branch="true" condition-coverage="0% (0/3)">
                  <conditions>
                    <condition number="0" type="jump" coverage="0%"/>
                  </conditions>
                </line>
                <line number="193" hits="0" branch="false"/>
              </lines>
            </method>
            <method name="testing::AssertionResult::AppendMessage" signature="(testing::Message const&amp;)" line-rate="0.0" branch-rate="0.0" complexity="0.0">
              <lines>
                <line number="206" hits="0" branch="false"/>
                <line number="207" hits="0" branch="true" condition-coverage="0% (0/3)">
                  <conditions>
                    <condition number="0" type="jump" coverage="0%"/>
                  </conditions>
                </line>
                <line number="208" hits="0" branch="true" condition-coverage="0% (0/2)">
                  <conditions>
                    <condition number="0" type="jump" coverage="0%"/>
                  </conditions>
                </line>
                <line number="209" hits="0" branch="false"/>
              </lines>
            </method>
          </methods>
          <lines>
            <line number="155" hits="18" branch="false"/>
            <line number="161" hits="18" branch="false"/>
            <line number="174" hits="18" branch="false"/>
            <line number="183" hits="0" branch="false"/>
            <line number="184" hits="0" branch="true" condition-coverage="0% (0/2)">
              <conditions>
                <condition number="0" type="jump" coverage="0%"/>
              </conditions>
            </line>
            <line number="187" hits="0" branch="false"/>
            <line number="191" hits="0" branch="false"/>
            <line number="191" hits="0" branch="false"/>
            <line number="191" hits="0" branch="false"/>
            <line number="191" hits="0" branch="false"/>
            <line number="191" hits="0" branch="false"/>
            <line number="192" hits="0" branch="true" condition-coverage="0% (0/3)">
              <conditions>
                <condition number="0" type="jump" coverage="0%"/>
              </conditions>
            </line>
            <line number="192" hits="0" branch="true" condition-coverage="0% (0/3)">
              <conditions>
                <condition number="0" type="jump" coverage="0%"/>
              </conditions>
            </line>
            <line number="192" hits="0" branch="true" condition-coverage="0% (0/3)">
              <conditions>
                <condition number="0" type="jump" coverage="0%"/>
              </conditions>
            </line>
            <line number="192" hits="0" branch="true" condition-coverage="0% (0/3)">
              <conditions>
                <condition number="0" type="jump" coverage="0%"/>
              </conditions>
            </line>
            <line number="192" hits="0" branch="true" condition-coverage="0% (0/3)">
              <conditions>
                <condition number="0" type="jump" coverage="0%"/>
              </conditions>
            </line>
            <line number="193" hits="0" branch="false"/>
            <line number="193" hits="0" branch="false"/>
            <line number="193" hits="0" branch="false"/>
            <line number="193" hits="0" branch="false"/>
            <line number="193" hits="0" branch="false"/>
            <line number="206" hits="0" branch="false"/>
            <line number="207" hits="0" branch="true" condition-coverage="0% (0/3)">
              <conditions>
                <condition number="0" type="jump" coverage="0%"/>
              </conditions>
            </line>
            <line number="208" hits="0" branch="true" condition-coverage="0% (0/2)">
              <conditions>
                <condition number="0" type="jump" coverage="0%"/>
              </conditions>
            </line>
            <line number="209" hits="0" branch="false"/>
          </lines>
        </class>
        <class name="gtest-message_h" filename="build/_deps/googletest-src/googletest/include/gtest/gtest-message.h" line-rate="0.07547169811320754" branch-rate="0.5" complexity="0.0">
          <methods>
            <method name="testing::Message&amp; testing::Message::operator&lt;&lt; &lt;char [12]&gt;" signature="(char const (&amp;) [12])" line-rate="0.0" branch-rate="1.0" complexity="0.0">
              <lines>
                <line number="132" hits="0" branch="false"/>
                <line number="148" hits="0" branch="false"/>
                <line number="149" hits="0" branch="false"/>
              </lines>
            </method>
            <method name="testing::Message&amp; testing::Message::operator&lt;&lt; &lt;char [3]&gt;" signature="(char const (&amp;) [3])" line-rate="0.0" branch-rate="1.0" complexity="0.0">
              <lines>
                <line number="132" hits="0" branch="false"/>
                <line number="148" hits="0" branch="false"/>
                <line number="149" hits="0" branch="false"/>
              </lines>
            </method>
            <method name="testing::Message&amp; testing::Message::operator&lt;&lt; &lt;char [41]&gt;" signature="(char const (&amp;) [41])" line-rate="0.0" branch-rate="1.0" complexity="0.0">
              <lines>
                <line number="132" hits="0" branch="false"/>
                <line number="148" hits="0" branch="false"/>
                <line number="149" hits="0" branch="false"/>
              </lines>
            </method>
            <method name="testing::Message&amp; testing::Message::operator&lt;&lt; &lt;char [43]&gt;" signature="(char const (&amp;) [43])" line-rate="0.0" branch-rate="1.0" complexity="0.0">
              <lines>
                <line number="132" hits="0" branch="false"/>
                <line number="148" hits="0" branch="false"/>
                <line number="149" hits="0" branch="false"/>
              </lines>
            </method>
            <method name="testing::Message&amp; testing::Message::operator&lt;&lt; &lt;char [44]&gt;" signature="(char const (&amp;) [44])" line-rate="0.0" branch-rate="1.0" complexity="0.0">
              <lines>
                <line number="132" hits="0" branch="false"/>
                <line number="148" hits="0" branch="false"/>
                <line number="149" hits="0" branch="false"/>
              </lines>
            </method>
            <method name="testing::Message&amp; testing::Message::operator&lt;&lt; &lt;char [48]&gt;" signature="(char const (&amp;) [48])" line-rate="0.0" branch-rate="1.0" complexity="0.0">
              <lines>
                <line number="132" hits="0" branch="false"/>
                <line number="148" hits="0" branch="false"/>
                <line number="149" hits="0" branch="false"/>
              </lines>
            </method>
            <method name="testing::Message&amp; testing::Message::operator&lt;&lt; &lt;char [52]&gt;" signature="(char const (&amp;) [52])" line-rate="0.0" branch-rate="1.0" complexity="0.0">
              <lines>
                <line number="132" hits="0" branch="false"/>
                <line number="148" hits="0" branch="false"/>
                <line number="149" hits="0" branch="false"/>
              </lines>
            </method>
            <method name="testing::Message&amp; testing::Message::operator&lt;&lt; &lt;char [53]&gt;" signature="(char const (&amp;) [53])" line-rate="0.0" branch-rate="1.0" complexity="0.0">
              <lines>
                <line number="132" hits="0" branch="false"/>
                <line number="148" hits="0" branch="false"/>
                <line number="149" hits="0" branch="false"/>
              </lines>
            </method>
            <method name="testing::Message&amp; testing::Message::operator&lt;&lt; &lt;char [56]&gt;" signature="(char const (&amp;) [56])" line-rate="0.0" branch-rate="1.0" complexity="0.0">
              <lines>
                <line number="132" hits="0" branch="false"/>
                <line number="148" hits="0" branch="false"/>
                <line number="149" hits="0" branch="false"/>
              </lines>
            </method>
            <method name="testing::Message&amp; testing::Message::operator&lt;&lt; &lt;char [58]&gt;" signature="(char const (&amp;) [58])" line-rate="0.0" branch-rate="1.0" complexity="0.0">
              <lines>
                <line number="132" hits="0" branch="false"/>
                <line number="148" hits="0" branch="false"/>
                <line number="149" hits="0" branch="false"/>
              </lines>
            </method>
            <method name="testing::Message&amp; testing::Message::operator&lt;&lt; &lt;char [5]&gt;" signature="(char const (&amp;) [5])" line-rate="0.0" branch-rate="1.0" complexity="0.0">
              <lines>
                <line number="132" hits="0" branch="false"/>
                <line number="148" hits="0" branch="false"/>
                <line number="149" hits="0" branch="false"/>
              </lines>
            </method>
            <method name="testing::Message&amp; testing::Message::operator&lt;&lt; &lt;char [60]&gt;" signature="(char const (&amp;) [60])" line-rate="0.0" branch-rate="1.0" complexity="0.0">
              <lines>
                <line number="132" hits="0" branch="false"/>
                <line number="148" hits="0" branch="false"/>
                <line number="149" hits="0" branch="false"/>
              </lines>
            </method>
            <method name="testing::Message&amp; testing::Message::operator&lt;&lt; &lt;char [69]&gt;" signature="(char const (&amp;) [69])" line-rate="0.0" branch-rate="1.0" complexity="0.0">
              <lines>
                <line number="132" hits="0" branch="false"/>
                <line number="148" hits="0" branch="false"/>
                <line number="149" hits="0" branch="false"/>
              </lines>
            </method>
            <method name="testing::Message&amp; testing::Message::operator&lt;&lt; &lt;char [73]&gt;" signature="(char const (&amp;) [73])" line-rate="0.0" branch-rate="1.0" complexity="0.0">
              <lines>
                <line number="132" hits="0" branch="false"/>
                <line number="148" hits="0" branch="false"/>
                <line number="149" hits="0" branch="false"/>
              </lines>
            </method>
            <method name="testing::Message&amp; testing::Message::operator&lt;&lt; &lt;char [74]&gt;" signature="(char const (&amp;) [74])" line-rate="0.0" branch-rate="1.0" complexity="0.0">
              <lines>
                <line number="132" hits="0" branch="false"/>
                <line number="148" hits="0" branch="false"/>
                <line number="149" hits="0" branch="false"/>
              </lines>
            </method>
            <method name="testing::Message&amp; testing::Message::operator&lt;&lt; &lt;std::__cxx11::basic_string&lt;char, std::char_traits&lt;char&gt;, std::allocator&lt;char&gt; &gt; &gt;" signature="(std::__cxx11::basic_string&lt;char, std::char_traits&lt;char&gt;, std::allocator&lt;char&gt; &gt; const&amp;)" line-rate="0.0" branch-rate="1.0" complexity="0.0">
              <lines>
                <line number="132" hits="0" branch="false"/>
                <line number="148" hits="0" branch="false"/>
                <line number="149" hits="0" branch="false"/>
              </lines>
            </method>
            <method name="testing::Message&amp; testing::Message::operator&lt;&lt; &lt;char const&gt;" signature="(char const* const&amp;)" line-rate="0.8" branch-rate="0.5" complexity="0.0">
              <lines>
                <line number="182" hits="210" branch="false"/>
                <line number="183" hits="210" branch="true" condition-coverage="50% (1/2)">
                  <conditions>
                    <condition number="0" type="jump" coverage="50%"/>
                  </conditions>
                </line>
                <line number="184" hits="0" branch="false"/>
                <line number="186" hits="210" branch="false"/>
                <line number="188" hits="210" branch="false"/>
              </lines>
            </method>
          </methods>
          <lines>
            <line number="132" hits="0" branch="false"/>
            <line number="132" hits="0" branch="false"/>
            <line number="132" hits="0" branch="false"/>
            <line number="132" hits="0" branch="false"/>
            <line number="132" hits="0" branch="false"/>
            <line number="132" hits="0" branch="false"/>
            <line number="132" hits="0" branch="false"/>
            <line number="132" hits="0" branch="false"/>
            <line number="132" hits="0" branch="false"/>
            <line number="132" hits="0" branch="false"/>
            <line number="132" hits="0" branch="false"/>
            <line number="132" hits="0" branch="false"/>
            <line number="132" hits="0" branch="false"/>
            <line number="132" hits="0" branch="false"/>
            <line number="132" hits="0" branch="false"/>
            <line number="132" hits="0" branch="false"/>
            <line number="148" hits="0" branch="false"/>
            <line number="148" hits="0" branch="false"/>
            <line number="148" hits="0" branch="false"/>
            <line number="148" hits="0" branch="false"/>
            <line number="148" hits="0" branch="false"/>
            <line number="148" hits="0" branch="false"/>
            <line number="148" hits="0" branch="false"/>
            <line number="148" hits="0" branch="false"/>
            <line number="148" hits="0" branch="false"/>
            <line number="148" hits="0" branch="false"/>
            <line number="148" hits="0" branch="false"/>
            <line number="148" hits="0" branch="false"/>
            <line number="148" hits="0" branch="false"/>
            <line number="148" hits="0" branch="false"/>
            <line number="148" hits="0" branch="false"/>
            <line number="148" hits="0" branch="false"/>
            <line number="149" hits="0" branch="false"/>
            <line number="149" hits="0" branch="false"/>
            <line number="149" hits="0" branch="false"/>
            <line number="149" hits="0" branch="false"/>
            <line number="149" hits="0" branch="false"/>
            <line number="149" hits="0" branch="false"/>
            <line number="149" hits="0" branch="false"/>
            <line number="149" hits="0" branch="false"/>
            <line number="149" hits="0" branch="false"/>
            <line number="149" hits="0" branch="false"/>
            <line number="149" hits="0" branch="false"/>
            <line number="149" hits="0" branch="false"/>
            <line number="149" hits="0" branch="false"/>
            <line number="149" hits="0" branch="false"/>
            <line number="149" hits="0" branch="false"/>
            <line number="149" hits="0" branch="false"/>
            <line number="182" hits="210" branch="false"/>
            <line number="183" hits="210" branch="true" condition-coverage="50% (1/2)">
              <conditions>
                <condition number="0" type="jump" coverage="50%"/>
              </conditions>
            </line>
            <line number="184" hits="0" branch="false"/>
            <line number="186" hits="210" branch="false"/>
            <line number="188" hits="210" branch="false"/>
          </lines>
        </class>
        <class name="gtest-printers_h" filename="build/_deps/googletest-src/googletest/include/gtest/gtest-printers.h" line-rate="0.0" branch-rate="0.0" complexity="0.0">
          <methods>
            <method name="decltype ((void)((*{parm#2})&lt;&lt;{parm#1})) testing::internal::internal_stream_operator_without_lexical_name_lookup::StreamPrinter::PrintValue&lt;unsigned int, void&gt;" signature="(unsigned int const&amp;, std::ostream*)" line-rate="0.0" branch-rate="1.0" complexity="0.0">
              <lines>
                <line number="221" hits="0" branch="false"/>
                <line number="225" hits="0" branch="false"/>
                <line number="226" hits="0" branch="false"/>
              </lines>
            </method>
            <method name="decltype ((void)((*{parm#2})&lt;&lt;{parm#1})) testing::internal::internal_stream_operator_without_lexical_name_lookup::StreamPrinter::PrintValue&lt;unsigned long long, void&gt;" signature="(unsigned long long const&amp;, std::ostream*)" line-rate="0.0" branch-rate="1.0" complexity="0.0">
              <lines>
                <line number="221" hits="0" branch="false"/>
                <line number="225" hits="0" branch="false"/>
                <line number="226" hits="0" branch="false"/>
              </lines>
            </method>
            <method name="void testing::internal::PrintWithFallback&lt;unsigned int&gt;" signature="(unsigned int const&amp;, std::ostream*)" line-rate="0.0" branch-rate="1.0" complexity="0.0">
              <lines>
                <line number="326" hits="0" branch="false"/>
                <line number="336" hits="0" branch="false"/>
                <line number="337" hits="0" branch="false"/>
              </lines>
            </method>
            <method name="void testing::internal::PrintWithFallback&lt;unsigned long long&gt;" signature="(unsigned long long const&amp;, std::ostream*)" line-rate="0.0" branch-rate="1.0" complexity="0.0">
              <lines>
                <line number="326" hits="0" branch="false"/>
                <line number="336" hits="0" branch="false"/>
                <line number="337" hits="0" branch="false"/>
              </lines>
            </method>
            <method name="testing::internal::FormatForComparison&lt;unsigned int, unsigned int&gt;::Format[abi:cxx11]" signature="(unsigned int const&amp;)" line-rate="0.0" branch-rate="1.0" complexity="0.0">
              <lines>
                <line number="357" hits="0" branch="false"/>
                <line number="358" hits="0" branch="false"/>
              </lines>
            </method>
            <method name="testing::internal::FormatForComparison&lt;unsigned long long, unsigned long long&gt;::Format[abi:cxx11]" signature="(unsigned long long const&amp;)" line-rate="0.0" branch-rate="1.0" complexity="0.0">
              <lines>
                <line number="357" hits="0" branch="false"/>
                <line number="358" hits="0" branch="false"/>
              </lines>
            </method>
            <method name="std::__cxx11::basic_string&lt;char, std::char_traits&lt;char&gt;, std::allocator&lt;char&gt; &gt; testing::internal::FormatForComparisonFailureMessage&lt;unsigned int, unsigned int&gt;" signature="(unsigned int const&amp;, unsigned int const&amp;)" line-rate="0.0" branch-rate="1.0" complexity="0.0">
              <lines>
                <line number="437" hits="0" branch="false"/>
                <line number="439" hits="0" branch="false"/>
              </lines>
            </method>
            <method name="std::__cxx11::basic_string&lt;char, std::char_traits&lt;char&gt;, std::allocator&lt;char&gt; &gt; testing::internal::FormatForComparisonFailureMessage&lt;unsigned long long, unsigned long long&gt;" signature="(unsigned long long const&amp;, unsigned long long const&amp;)" line-rate="0.0" branch-rate="1.0" complexity="0.0">
              <lines>
                <line number="437" hits="0" branch="false"/>
                <line number="439" hits="0" branch="false"/>
              </lines>
            </method>
            <method name="void testing::internal::PrintTo&lt;unsigned int&gt;" signature="(unsigned int const&amp;, std::ostream*)" line-rate="0.0" branch-rate="1.0" complexity="0.0">
              <lines>
                <line number="464" hits="0" branch="false"/>
                <line number="465" hits="0" branch="false"/>
                <line number="466" hits="0" branch="false"/>
              </lines>
            </method>
            <method name="void testing::internal::PrintTo&lt;unsigned long long&gt;" signature="(unsigned long long const&amp;, std::ostream*)" line-rate="0.0" branch-rate="1.0" complexity="0.0">
              <lines>
                <line number="464" hits="0" branch="false"/>
                <line number="465" hits="0" branch="false"/>
                <line number="466" hits="0" branch="false"/>
              </lines>
            </method>
            <method name="testing::internal::UniversalPrinter&lt;unsigned int&gt;::Print" signature="(unsigned int const&amp;, std::ostream*)" line-rate="0.0" branch-rate="1.0" complexity="0.0">
              <lines>
                <line number="799" hits="0" branch="false"/>
                <line number="808" hits="0" branch="false"/>
                <line number="809" hits="0" branch="false"/>
              </lines>
            </method>
            <method name="testing::internal::UniversalPrinter&lt;unsigned long long&gt;::Print" signature="(unsigned long long const&amp;, std::ostream*)" line-rate="0.0" branch-rate="1.0" complexity="0.0">
              <lines>
                <line number="799" hits="0" branch="false"/>
                <line number="808" hits="0" branch="false"/>
                <line number="809" hits="0" branch="false"/>
              </lines>
            </method>
            <method name="testing::internal::UniversalTersePrinter&lt;unsigned int&gt;::Print" signature="(unsigned int const&amp;, std::ostream*)" line-rate="0.0" branch-rate="1.0" complexity="0.0">
              <lines>
                <line number="989" hits="0" branch="false"/>
                <line number="990" hits="0" branch="false"/>
                <line number="991" hits="0" branch="false"/>
              </lines>
            </method>
            <method name="testing::internal::UniversalTersePrinter&lt;unsigned long long&gt;::Print" signature="(unsigned long long const&amp;, std::ostream*)" line-rate="0.0" branch-rate="1.0" complexity="0.0">
              <lines>
                <line number="989" hits="0" branch="false"/>
                <line number="990" hits="0" branch="false"/>
                <line number="991" hits="0" branch="false"/>
              </lines>
            </method>
            <method name="void testing::internal::UniversalPrint&lt;unsigned int&gt;" signature="(unsigned int const&amp;, std::ostream*)" line-rate="0.0" branch-rate="1.0" complexity="0.0">
              <lines>
                <line number="1108" hits="0" branch="false"/>
                <line number="1112" hits="0" branch="false"/>
                <line number="1113" hits="0" branch="false"/>
              </lines>
            </method>
            <method name="void testing::internal::UniversalPrint&lt;unsigned long long&gt;" signature="(unsigned long long const&amp;, std::ostream*)" line-rate="0.0" branch-rate="1.0" complexity="0.0">
              <lines>
                <line number="1108" hits="0" branch="false"/>
                <line number="1112" hits="0" branch="false"/>
                <line number="1113" hits="0" branch="false"/>
              </lines>
            </method>
            <method name="std::__cxx11::basic_string&lt;char, std::char_traits&lt;char&gt;, std::allocator&lt;char&gt; &gt; testing::PrintToString&lt;unsigned int&gt;" signature="(unsigned int const&amp;)" line-rate="0.0" branch-rate="0.0" complexity="0.0">
              <lines>
                <line number="1148" hits="0" branch="false"/>
                <line number="1149" hits="0" branch="true" condition-coverage="0% (0/1)">
                  <conditions>
                    <condition number="0" type="jump" coverage="0%"/>
                  </conditions>
                </line>
                <line number="1150" hits="0" branch="true" condition-coverage="0% (0/1)">
                  <conditions>
                    <condition number="0" type="jump" coverage="0%"/>
                  </conditions>
                </line>
                <line number="1151" hits="0" branch="true" condition-coverage="0% (0/1)">
                  <conditions>
                    <condition number="0" type="jump" coverage="0%"/>
                  </conditions>
                </line>
                <line number="1152" hits="0" branch="false"/>
              </lines>
            </method>
            <method name="std::__cxx11::basic_string&lt;char, std::char_traits&lt;char&gt;, std::allocator&lt;char&gt; &gt; testing::PrintToString&lt;unsigned long long&gt;" signature="(unsigned long long const&amp;)" line-rate="0.0" branch-rate="0.0" complexity="0.0">
              <lines>
                <line number="1148" hits="0" branch="false"/>
                <line number="1149" hits="0" branch="true" condition-coverage="0% (0/1)">
                  <conditions>
                    <condition number="0" type="jump" coverage="0%"/>
                  </conditions>
                </line>
                <line number="1150" hits="0" branch="true" condition-coverage="0% (0/1)">
                  <conditions>
                    <condition number="0" type="jump" coverage="0%"/>
                  </conditions>
                </line>
                <line number="1151" hits="0" branch="true" condition-coverage="0% (0/1)">
                  <conditions>
                    <condition number="0" type="jump" coverage="0%"/>
                  </conditions>
                </line>
                <line number="1152" hits="0" branch="false"/>
              </lines>
            </method>
          </methods>
          <lines>
            <line number="221" hits="0" branch="false"/>
            <line number="221" hits="0" branch="false"/>
            <line number="225" hits="0" branch="false"/>
            <line number="225" hits="0" branch="false"/>
            <line number="226" hits="0" branch="false"/>
            <line number="226" hits="0" branch="false"/>
            <line number="326" hits="0" branch="false"/>
            <line number="326" hits="0" branch="false"/>
            <line number="336" hits="0" branch="false"/>
            <line number="336" hits="0" branch="false"/>
            <line number="337" hits="0" branch="false"/>
            <line number="337" hits="0" branch="false"/>
            <line number="357" hits="0" branch="false"/>
            <line number="357" hits="0" branch="false"/>
            <line number="358" hits="0" branch="false"/>
            <line number="358" hits="0" branch="false"/>
            <line number="437" hits="0" branch="false"/>
            <line number="437" hits="0" branch="false"/>
            <line number="439" hits="0" branch="false"/>
            <line number="439" hits="0" branch="false"/>
            <line number="464" hits="0" branch="false"/>
            <line number="464" hits="0" branch="false"/>
            <line number="465" hits="0" branch="false"/>
            <line number="465" hits="0" branch="false"/>
            <line number="466" hits="0" branch="false"/>
            <line number="466" hits="0" branch="false"/>
            <line number="799" hits="0" branch="false"/>
            <line number="799" hits="0" branch="false"/>
            <line number="808" hits="0" branch="false"/>
            <line number="808" hits="0" branch="false"/>
            <line number="809" hits="0" branch="false"/>
            <line number="809" hits="0" branch="false"/>
            <line number="989" hits="0" branch="false"/>
            <line number="989" hits="0" branch="false"/>
            <line number="990" hits="0" branch="false"/>
            <line number="990" hits="0" branch="false"/>
            <line number="991" hits="0" branch="false"/>
            <line number="991" hits="0" branch="false"/>
            <line number="1108" hits="0" branch="false"/>
            <line number="1108" hits="0" branch="false"/>
            <line number="1112" hits="0" branch="false"/>
            <line number="1112" hits="0" branch="false"/>
            <line number="1113" hits="0" branch="false"/>
            <line number="1113" hits="0" branch="false"/>
            <line number="1148" hits="0" branch="false"/>
            <line number="1148" hits="0" branch="false"/>
            <line number="1149" hits="0" branch="true" condition-coverage="0% (0/1)">
              <conditions>
                <condition number="0" type="jump" coverage="0%"/>
              </conditions>
            </line>
            <line number="1149" hits="0" branch="true" condition-coverage="0% (0/1)">
              <conditions>
                <condition number="0" type="jump" coverage="0%"/>
              </conditions>
            </line>
            <line number="1150" hits="0" branch="true" condition-coverage="0% (0/1)">
              <conditions>
                <condition number="0" type="jump" coverage="0%"/>
              </conditions>
            </line>
            <line number="1150" hits="0" branch="true" condition-coverage="0% (0/1)">
              <conditions>
                <condition number="0" type="jump" coverage="0%"/>
              </conditions>
            </line>
            <line number="1151" hits="0" branch="true" condition-coverage="0% (0/1)">
              <conditions>
                <condition number="0" type="jump" coverage="0%"/>
              </conditions>
            </line>
            <line number="1151" hits="0" branch="true" condition-coverage="0% (0/1)">
              <conditions>
                <condition number="0" type="jump" coverage="0%"/>
              </conditions>
            </line>
            <line number="1152" hits="0" branch="false"/>
            <line number="1152" hits="0" branch="false"/>
          </lines>
        </class>
        <class name="gtest_h" filename="build/_deps/googletest-src/googletest/include/gtest/gtest.h" line-rate="0.3" branch-rate="0.09523809523809523" complexity="0.0">
          <methods>
            <method name="testing::Test::SetUpTestSuite" signature="()" line-rate="0.0" branch-rate="1.0" complexity="0.0">
              <lines>
                <line number="256" hits="0" branch="false"/>
              </lines>
            </method>
            <method name="testing::Test::TearDownTestSuite" signature="()" line-rate="0.0" branch-rate="1.0" complexity="0.0">
              <lines>
                <line number="264" hits="0" branch="false"/>
              </lines>
            </method>
            <method name="testing::Test::TearDownTestCase" signature="()" line-rate="0.0" branch-rate="1.0" complexity="0.0">
              <lines>
                <line number="269" hits="0" branch="false"/>
              </lines>
            </method>
            <method name="testing::Test::SetUpTestCase" signature="()" line-rate="0.0" branch-rate="1.0" complexity="0.0">
              <lines>
                <line number="270" hits="0" branch="false"/>
              </lines>
            </method>
            <method name="testing::Test::Setup" signature="()" line-rate="0.0" branch-rate="1.0" complexity="0.0">
              <lines>
                <line number="357" hits="0" branch="false"/>
              </lines>
            </method>
            <method name="testing::AssertionResult testing::internal::CmpHelperEQFailure&lt;unsigned int, unsigned int&gt;" signature="(char const*, char const*, unsigned int const&amp;, unsigned int const&amp;)" line-rate="0.0" branch-rate="0.0" complexity="0.0">
              <lines>
                <line number="1359" hits="0" branch="false"/>
                <line number="1363" hits="0" branch="true" condition-coverage="0% (0/1)">
                  <conditions>
                    <condition number="0" type="jump" coverage="0%"/>
                  </conditions>
                </line>
                <line number="1364" hits="0" branch="true" condition-coverage="0% (0/2)">
                  <conditions>
                    <condition number="0" type="jump" coverage="0%"/>
                  </conditions>
                </line>
              </lines>
            </method>
            <method name="testing::AssertionResult testing::internal::CmpHelperEQ&lt;unsigned int, unsigned int&gt;" signature="(char const*, char const*, unsigned int const&amp;, unsigned int const&amp;)" line-rate="0.75" branch-rate="0.5" complexity="0.0">
              <lines>
                <line number="1376" hits="3" branch="false"/>
                <line number="1379" hits="3" branch="true" condition-coverage="50% (1/2)">
                  <conditions>
                    <condition number="0" type="jump" coverage="50%"/>
                  </conditions>
                </line>
                <line number="1380" hits="3" branch="false"/>
                <line number="1383" hits="0" branch="false"/>
              </lines>
            </method>
            <method name="testing::AssertionResult testing::internal::EqHelper::Compare&lt;unsigned int, unsigned int, (void*)0&gt;" signature="(char const*, char const*, unsigned int const&amp;, unsigned int const&amp;)" line-rate="1.0" branch-rate="1.0" complexity="0.0">
              <lines>
                <line number="1395" hits="3" branch="false"/>
                <line number="1398" hits="3" branch="false"/>
              </lines>
            </method>
            <method name="testing::AssertionResult testing::internal::CmpHelperOpFailure&lt;unsigned long long, unsigned long long&gt;" signature="(char const*, char const*, unsigned long long const&amp;, unsigned long long const&amp;, char const*)" line-rate="0.0" branch-rate="0.0" complexity="0.0">
              <lines>
                <line number="1428" hits="0" branch="false"/>
                <line number="1431" hits="0" branch="true" condition-coverage="0% (0/1)">
                  <conditions>
                    <condition number="0" type="jump" coverage="0%"/>
                  </conditions>
                </line>
                <line number="1432" hits="0" branch="true" condition-coverage="0% (0/6)">
                  <conditions>
                    <condition number="0" type="jump" coverage="0%"/>
                  </conditions>
                </line>
                <line number="1433" hits="0" branch="true" condition-coverage="0% (0/3)">
                  <conditions>
                    <condition number="0" type="jump" coverage="0%"/>
                  </conditions>
                </line>
                <line number="1434" hits="0" branch="true" condition-coverage="0% (0/4)">
                  <conditions>
                    <condition number="0" type="jump" coverage="0%"/>
                  </conditions>
                </line>
              </lines>
            </method>
            <method name="testing::AssertionResult testing::internal::CmpHelperNE&lt;unsigned long long, unsigned long long&gt;" signature="(char const*, char const*, unsigned long long const&amp;, unsigned long long const&amp;)" line-rate="1.0" branch-rate="0.5" complexity="0.0">
              <lines>
                <line number="1457" hits="9" branch="true" condition-coverage="50% (1/2)">
                  <conditions>
                    <condition number="0" type="jump" coverage="50%"/>
                  </conditions>
                </line>
              </lines>
            </method>
          </methods>
          <lines>
            <line number="256" hits="0" branch="false"/>
            <line number="264" hits="0" branch="false"/>
            <line number="269" hits="0" branch="false"/>
            <line number="270" hits="0" branch="false"/>
            <line number="357" hits="0" branch="false"/>
            <line number="1359" hits="0" branch="false"/>
            <line number="1363" hits="0" branch="true" condition-coverage="0% (0/1)">
              <conditions>
                <condition number="0" type="jump" coverage="0%"/>
              </conditions>
            </line>
            <line number="1364" hits="0" branch="true" condition-coverage="0% (0/2)">
              <conditions>
                <condition number="0" type="jump" coverage="0%"/>
              </conditions>
            </line>
            <line number="1376" hits="3" branch="false"/>
            <line number="1379" hits="3" branch="true" condition-coverage="50% (1/2)">
              <conditions>
                <condition number="0" type="jump" coverage="50%"/>
              </conditions>
            </line>
            <line number="1380" hits="3" branch="false"/>
            <line number="1383" hits="0" branch="false"/>
            <line number="1395" hits="3" branch="false"/>
            <line number="1398" hits="3" branch="false"/>
            <line number="1428" hits="0" branch="false"/>
            <line number="1431" hits="0" branch="true" condition-coverage="0% (0/1)">
              <conditions>
                <condition number="0" type="jump" coverage="0%"/>
              </conditions>
            </line>
            <line number="1432" hits="0" branch="true" condition-coverage="0% (0/6)">
              <conditions>
                <condition number="0" type="jump" coverage="0%"/>
              </conditions>
            </line>
            <line number="1433" hits="0" branch="true" condition-coverage="0% (0/3)">
              <conditions>
                <condition number="0" type="jump" coverage="0%"/>
              </conditions>
            </line>
            <line number="1434" hits="0" branch="true" condition-coverage="0% (0/4)">
              <conditions>
                <condition number="0" type="jump" coverage="0%"/>
              </conditions>
            </line>
            <line number="1457" hits="9" branch="true" condition-coverage="50% (1/2)">
              <conditions>
                <condition number="0" type="jump" coverage="50%"/>
              </conditions>
            </line>
          </lines>
        </class>
      </classes>
    </package>
    <package name="build._deps.googletest-src.googletest.include.gtest.internal" line-rate="0.8571428571428571" branch-rate="0.30097087378640774" complexity="0.0">
      <classes>
        <class name="gtest-internal_h" filename="build/_deps/googletest-src/googletest/include/gtest/internal/gtest-internal.h" line-rate="0.8780487804878049" branch-rate="0.30097087378640774" complexity="0.0">
          <methods>
            <method name="void const* testing::internal::GetTypeId&lt;SimulationTest&gt;" signature="()" line-rate="1.0" branch-rate="1.0" complexity="0.0">
              <lines>
                <line number="419" hits="60" branch="false"/>
                <line number="424" hits="60" branch="false"/>
              </lines>
            </method>
            <method name="testing::internal::TestFactoryBase::~TestFactoryBase" signature="()" line-rate="0.0" branch-rate="1.0" complexity="0.0">
              <lines>
                <line number="438" hits="0" branch="false"/>
              </lines>
            </method>
            <method name="testing::internal::TestFactoryBase::TestFactoryBase" signature="()" line-rate="1.0" branch-rate="1.0" complexity="0.0">
              <lines>
                <line number="445" hits="90" branch="false"/>
              </lines>
            </method>
            <method name="testing::internal::TestFactoryImpl&lt;SafeReadTest_ReturnsFalse_OnEOF_Test&gt;::CreateTest" signature="()" line-rate="1.0" branch-rate="0.4" complexity="0.0">
              <lines>
                <line number="457" hits="2" branch="true" condition-coverage="40% (2/5)">
                  <conditions>
                    <condition number="0" type="jump" coverage="40%"/>
                  </conditions>
                </line>
              </lines>
            </method>
            <method name="testing::internal::TestFactoryImpl&lt;SafeReadTest_ReturnsTrue_OnInvalidInput_Test&gt;::CreateTest" signature="()" line-rate="1.0" branch-rate="0.4" complexity="0.0">
              <lines>
                <line number="457" hits="2" branch="true" condition-coverage="40% (2/5)">
                  <conditions>
                    <condition number="0" type="jump" coverage="40%"/>
                  </conditions>
                </line>
              </lines>
            </method>
            <method name="testing::internal::TestFactoryImpl&lt;SafeReadTest_ReturnsTrue_OnValidInput_Test&gt;::CreateTest" signature="()" line-rate="1.0" branch-rate="0.4" complexity="0.0">
              <lines>
                <line number="457" hits="2" branch="true" condition-coverage="40% (2/5)">
                  <conditions>
                    <condition number="0" type="jump" coverage="40%"/>
                  </conditions>
                </line>
              </lines>
            </method>
            <method name="testing::internal::TestFactoryImpl&lt;SimulationTest_PruebaLabsAceites_DetectsDuplicateLab_Test&gt;::CreateTest" signature="()" line-rate="1.0" branch-rate="0.4" complexity="0.0">
              <lines>
                <line number="457" hits="2" branch="true" condition-coverage="40% (2/5)">
                  <conditions>
                    <condition number="0" type="jump" coverage="40%"/>
                  </conditions>
                </line>
              </lines>
            </method>
            <method name="testing::internal::TestFactoryImpl&lt;SimulationTest_PruebaLabsAceites_SkipsNullLab_Test&gt;::CreateTest" signature="()" line-rate="1.0" branch-rate="0.4" complexity="0.0">
              <lines>
                <line number="457" hits="2" branch="true" condition-coverage="40% (2/5)">
                  <conditions>
                    <condition number="0" type="jump" coverage="40%"/>
                  </conditions>
                </line>
              </lines>
            </method>
            <method name="testing::internal::TestFactoryImpl&lt;SimulationTest_RunSimulation_EdgeCase_EmptyFiles_Test&gt;::CreateTest" signature="()" line-rate="1.0" branch-rate="0.4" complexity="0.0">
              <lines>
                <line number="457" hits="2" branch="true" condition-coverage="40% (2/5)">
                  <conditions>
                    <condition number="0" type="jump" coverage="40%"/>
                  </conditions>
                </line>
              </lines>
            </method>
            <method name="testing::internal::TestFactoryImpl&lt;SimulationTest_RunSimulation_ErrorHandling_MissingFiles_Test&gt;::CreateTest" signature="()" line-rate="1.0" branch-rate="0.4" complexity="0.0">
              <lines>
                <line number="457" hits="2" branch="true" condition-coverage="40% (2/5)">
                  <conditions>
                    <condition number="0" type="jump" coverage="40%"/>
                  </conditions>
                </line>
              </lines>
            </method>
            <method name="testing::internal::TestFactoryImpl&lt;SimulationTest_RunSimulation_HappyPath_Test&gt;::CreateTest" signature="()" line-rate="1.0" branch-rate="0.4" complexity="0.0">
              <lines>
                <line number="457" hits="2" branch="true" condition-coverage="40% (2/5)">
                  <conditions>
                    <condition number="0" type="jump" coverage="40%"/>
                  </conditions>
                </line>
              </lines>
            </method>
            <method name="testing::internal::TestFactoryImpl&lt;SimulationTest_SuministrarMed_NoOp_WhenLabNotInSystem_Test&gt;::CreateTest" signature="()" line-rate="1.0" branch-rate="0.4" complexity="0.0">
              <lines>
                <line number="457" hits="2" branch="true" condition-coverage="40% (2/5)">
                  <conditions>
                    <condition number="0" type="jump" coverage="40%"/>
                  </conditions>
                </line>
              </lines>
            </method>
            <method name="testing::internal::CodeLocation::CodeLocation" signature="(std::__cxx11::basic_string&lt;char, std::char_traits&lt;char&gt;, std::allocator&lt;char&gt; &gt; const&amp;, int)" line-rate="1.0" branch-rate="1.0" complexity="0.0">
              <lines>
                <line number="478" hits="90" branch="false"/>
                <line number="479" hits="90" branch="false"/>
              </lines>
            </method>
            <method name="testing::internal::GetNotDefaultOrNull" signature="(void (*)(), void (*)())" line-rate="1.0" branch-rate="0.5" complexity="0.0">
              <lines>
                <line number="491" hits="360" branch="false"/>
                <line number="493" hits="360" branch="true" condition-coverage="50% (1/2)">
                  <conditions>
                    <condition number="0" type="jump" coverage="50%"/>
                  </conditions>
                </line>
              </lines>
            </method>
            <method name="testing::internal::SuiteApiResolver&lt;SimulationTest&gt;::GetSetUpCaseOrSuite" signature="(char const*, int)" line-rate="0.8333333333333334" branch-rate="0.21428571428571427" complexity="0.0">
              <lines>
                <line number="506" hits="60" branch="false"/>
                <line number="510" hits="60" branch="false"/>
                <line number="512" hits="60" branch="false"/>
                <line number="514" hits="60" branch="true" condition-coverage="28% (2/7)">
                  <conditions>
                    <condition number="0" type="jump" coverage="28%"/>
                  </conditions>
                </line>
                <line number="517" hits="0" branch="true" condition-coverage="0% (0/5)">
                  <conditions>
                    <condition number="0" type="jump" coverage="0%"/>
                  </conditions>
                </line>
                <line number="519" hits="60" branch="true" condition-coverage="50% (1/2)">
                  <conditions>
                    <condition number="0" type="jump" coverage="50%"/>
                  </conditions>
                </line>
              </lines>
            </method>
            <method name="testing::internal::SuiteApiResolver&lt;testing::Test&gt;::GetSetUpCaseOrSuite" signature="(char const*, int)" line-rate="0.8333333333333334" branch-rate="0.21428571428571427" complexity="0.0">
              <lines>
                <line number="506" hits="30" branch="false"/>
                <line number="510" hits="30" branch="false"/>
                <line number="512" hits="30" branch="false"/>
                <line number="514" hits="30" branch="true" condition-coverage="28% (2/7)">
                  <conditions>
                    <condition number="0" type="jump" coverage="28%"/>
                  </conditions>
                </line>
                <line number="517" hits="0" branch="true" condition-coverage="0% (0/5)">
                  <conditions>
                    <condition number="0" type="jump" coverage="0%"/>
                  </conditions>
                </line>
                <line number="519" hits="30" branch="true" condition-coverage="50% (1/2)">
                  <conditions>
                    <condition number="0" type="jump" coverage="50%"/>
                  </conditions>
                </line>
              </lines>
            </method>
            <method name="testing::internal::SuiteApiResolver&lt;SimulationTest&gt;::GetTearDownCaseOrSuite" signature="(char const*, int)" line-rate="0.8333333333333334" branch-rate="0.21428571428571427" complexity="0.0">
              <lines>
                <line number="527" hits="60" branch="false"/>
                <line number="531" hits="60" branch="false"/>
                <line number="533" hits="60" branch="false"/>
                <line number="535" hits="60" branch="true" condition-coverage="28% (2/7)">
                  <conditions>
                    <condition number="0" type="jump" coverage="28%"/>
                  </conditions>
                </line>
                <line number="538" hits="0" branch="true" condition-coverage="0% (0/5)">
                  <conditions>
                    <condition number="0" type="jump" coverage="0%"/>
                  </conditions>
                </line>
                <line number="540" hits="60" branch="true" condition-coverage="50% (1/2)">
                  <conditions>
                    <condition number="0" type="jump" coverage="50%"/>
                  </conditions>
                </line>
              </lines>
            </method>
            <method name="testing::internal::SuiteApiResolver&lt;testing::Test&gt;::GetTearDownCaseOrSuite" signature="(char const*, int)" line-rate="0.8333333333333334" branch-rate="0.21428571428571427" complexity="0.0">
              <lines>
                <line number="527" hits="30" branch="false"/>
                <line number="531" hits="30" branch="false"/>
                <line number="533" hits="30" branch="false"/>
                <line number="535" hits="30" branch="true" condition-coverage="28% (2/7)">
                  <conditions>
                    <condition number="0" type="jump" coverage="28%"/>
                  </conditions>
                </line>
                <line number="538" hits="0" branch="true" condition-coverage="0% (0/5)">
                  <conditions>
                    <condition number="0" type="jump" coverage="0%"/>
                  </conditions>
                </line>
                <line number="540" hits="30" branch="true" condition-coverage="50% (1/2)">
                  <conditions>
                    <condition number="0" type="jump" coverage="50%"/>
                  </conditions>
                </line>
              </lines>
            </method>
          </methods>
          <lines>
            <line number="419" hits="60" branch="false"/>
            <line number="424" hits="60" branch="false"/>
            <line number="438" hits="0" branch="false"/>
            <line number="445" hits="90" branch="false"/>
            <line number="457" hits="2" branch="true" condition-coverage="40% (2/5)">
              <conditions>
                <condition number="0" type="jump" coverage="40%"/>
              </conditions>
            </line>
            <line number="457" hits="2" branch="true" condition-coverage="40% (2/5)">
              <conditions>
                <condition number="0" type="jump" coverage="40%"/>
              </conditions>
            </line>
            <line number="457" hits="2" branch="true" condition-coverage="40% (2/5)">
              <conditions>
                <condition number="0" type="jump" coverage="40%"/>
              </conditions>
            </line>
            <line number="457" hits="2" branch="true" condition-coverage="40% (2/5)">
              <conditions>
                <condition number="0" type="jump" coverage="40%"/>
              </conditions>
            </line>
            <line number="457" hits="2" branch="true" condition-coverage="40% (2/5)">
              <conditions>
                <condition number="0" type="jump" coverage="40%"/>
              </conditions>
            </line>
            <line number="457" hits="2" branch="true" condition-coverage="40% (2/5)">
              <conditions>
                <condition number="0" type="jump" coverage="40%"/>
              </conditions>
            </line>
            <line number="457" hits="2" branch="true" condition-coverage="40% (2/5)">
              <conditions>
                <condition number="0" type="jump" coverage="40%"/>
              </conditions>
            </line>
            <line number="457" hits="2" branch="true" condition-coverage="40% (2/5)">
              <conditions>
                <condition number="0" type="jump" coverage="40%"/>
              </conditions>
            </line>
            <line number="457" hits="2" branch="true" condition-coverage="40% (2/5)">
              <conditions>
                <condition number="0" type="jump" coverage="40%"/>
              </conditions>
            </line>
            <line number="478" hits="90" branch="false"/>
            <line number="479" hits="90" branch="false"/>
            <line number="491" hits="360" branch="false"/>
            <line number="493" hits="360" branch="true" condition-coverage="50% (1/2)">
              <conditions>
                <condition number="0" type="jump" coverage="50%"/>
              </conditions>
            </line>
            <line number="506" hits="60" branch="false"/>
            <line number="506" hits="30" branch="false"/>
            <line number="510" hits="60" branch="false"/>
            <line number="510" hits="30" branch="false"/>
            <line number="512" hits="60" branch="false"/>
            <line number="512" hits="30" branch="false"/>
            <line number="514" hits="60" branch="true" condition-coverage="28% (2/7)">
              <conditions>
                <condition number="0" type="jump" coverage="28%"/>
              </conditions>
            </line>
            <line number="514" hits="30" branch="true" condition-coverage="28% (2/7)">
              <conditions>
                <condition number="0" type="jump" coverage="28%"/>
              </conditions>
            </line>
            <line number="517" hits="0" branch="true" condition-coverage="0% (0/5)">
              <conditions>
                <condition number="0" type="jump" coverage="0%"/>
              </conditions>
            </line>
            <line number="517" hits="0" branch="true" condition-coverage="0% (0/5)">
              <conditions>
                <condition number="0" type="jump" coverage="0%"/>
              </conditions>
            </line>
            <line number="519" hits="60" branch="true" condition-coverage="50% (1/2)">
              <conditions>
                <condition number="0" type="jump" coverage="50%"/>
              </conditions>
            </line>
            <line number="519" hits="30" branch="true" condition-coverage="50% (1/2)">
              <conditions>
                <condition number="0" type="jump" coverage="50%"/>
              </conditions>
            </line>
            <line number="527" hits="60" branch="false"/>
            <line number="527" hits="30" branch="false"/>
            <line number="531" hits="60" branch="false"/>
            <line number="531" hits="30" branch="false"/>
            <line number="533" hits="60" branch="false"/>
            <line number="533" hits="30" branch="false"/>
            <line number="535" hits="60" branch="true" condition-coverage="28% (2/7)">
              <conditions>
                <condition number="0" type="jump" coverage="28%"/>
              </conditions>
            </line>
            <line number="535" hits="30" branch="true" condition-coverage="28% (2/7)">
              <conditions>
                <condition number="0" type="jump" coverage="28%"/>
              </conditions>
            </line>
            <line number="538" hits="0" branch="true" condition-coverage="0% (0/5)">
              <conditions>
                <condition number="0" type="jump" coverage="0%"/>
              </conditions>
            </line>
            <line number="538" hits="0" branch="true" condition-coverage="0% (0/5)">
              <conditions>
                <condition number="0" type="jump" coverage="0%"/>
              </conditions>
            </line>
            <line number="540" hits="60" branch="true" condition-coverage="50% (1/2)">
              <conditions>
                <condition number="0" type="jump" coverage="50%"/>
              </conditions>
            </line>
            <line number="540" hits="30" branch="true" condition-coverage="50% (1/2)">
              <conditions>
                <condition number="0" type="jump" coverage="50%"/>
              </conditions>
            </line>
          </lines>
        </class>
        <class name="gtest-port_h" filename="build/_deps/googletest-src/googletest/include/gtest/internal/gtest-port.h" line-rate="0.0" branch-rate="1.0" complexity="0.0">
          <methods>
            <method name="testing::internal::GTestLog::GetStream" signature="()" line-rate="0.0" branch-rate="1.0" complexity="0.0">
              <lines>
                <line number="1042" hits="0" branch="false"/>
              </lines>
            </method>
          </methods>
          <lines>
            <line number="1042" hits="0" branch="false"/>
          </lines>
        </class>
      </classes>
    </package>
    <package name="include" line-rate="0.9565217391304348" branch-rate="1.0" complexity="0.0">
      <classes>
        <class name="Laboratorio_h" filename="include/Laboratorio.h" line-rate="0.9" branch-rate="1.0" complexity="0.0">
          <methods>
            <method name="Laboratorio::~Laboratorio" signature="()" line-rate="1.0" branch-rate="1.0" complexity="0.0">
              <lines>
                <line number="55" hits="43" branch="false"/>
              </lines>
            </method>
            <method name="operator==" signature="(Laboratorio const&amp;, Laboratorio const&amp;)" line-rate="1.0" branch-rate="1.0" complexity="0.0">
              <lines>
                <line number="62" hits="9" branch="false"/>
                <line number="63" hits="9" branch="false"/>
              </lines>
            </method>
            <method name="operator&lt;&lt;" signature="(std::ostream&amp;, Laboratorio const&amp;)" line-rate="0.8571428571428571" branch-rate="1.0" complexity="0.0">
              <lines>
                <line number="72" hits="29" branch="false"/>
                <line number="73" hits="29" branch="false"/>
                <line number="74" hits="0" branch="false"/>
                <line number="75" hits="29" branch="false"/>
                <line number="76" hits="29" branch="false"/>
                <line number="77" hits="29" branch="true" condition-coverage="100% (11/11)">
                  <conditions>
                    <condition number="0" type="jump" coverage="100%"/>
                  </conditions>
                </line>
                <line number="78" hits="29" branch="false"/>
              </lines>
            </method>
          </methods>
          <lines>
            <line number="55" hits="43" branch="false"/>
            <line number="62" hits="9" branch="false"/>
            <line number="63" hits="9" branch="false"/>
            <line number="72" hits="29" branch="false"/>
            <line number="73" hits="29" branch="false"/>
            <line number="74" hits="0" branch="false"/>
            <line number="75" hits="29" branch="false"/>
            <line number="76" hits="29" branch="false"/>
            <line number="77" hits="29" branch="true" condition-coverage="100% (11/11)">
              <conditions>
                <condition number="0" type="jump" coverage="100%"/>
              </conditions>
            </line>
            <line number="78" hits="29" branch="false"/>
          </lines>
        </class>
        <class name="ListaEnlazada_h" filename="include/ListaEnlazada.h" line-rate="1.0" branch-rate="1.0" complexity="0.0">
          <methods>
            <method name="ListaEnlazada&lt;Laboratorio const*&gt;::Node::Node" signature="(Laboratorio const* const&amp;, ListaEnlazada&lt;Laboratorio const*&gt;::Node*)" line-rate="1.0" branch-rate="1.0" complexity="0.0">
              <lines>
                <line number="40" hits="8" branch="false"/>
                <line number="41" hits="8" branch="false"/>
              </lines>
            </method>
            <method name="ListaEnlazada&lt;Laboratorio*&gt;::Node::Node" signature="(Laboratorio* const&amp;, ListaEnlazada&lt;Laboratorio*&gt;::Node*)" line-rate="1.0" branch-rate="1.0" complexity="0.0">
              <lines>
                <line number="40" hits="31" branch="false"/>
                <line number="41" hits="31" branch="false"/>
              </lines>
            </method>
            <method name="ListaEnlazada&lt;Laboratorio&gt;::Node::Node" signature="(Laboratorio const&amp;, ListaEnlazada&lt;Laboratorio&gt;::Node*)" line-rate="1.0" branch-rate="1.0" complexity="0.0">
              <lines>
                <line number="40" hits="48" branch="false"/>
                <line number="41" hits="48" branch="false"/>
              </lines>
            </method>
            <method name="ListaEnlazada&lt;int&gt;::Node::Node" signature="(int const&amp;, ListaEnlazada&lt;int&gt;::Node*)" line-rate="1.0" branch-rate="1.0" complexity="0.0">
              <lines>
                <line number="40" hits="5000" branch="false"/>
                <line number="41" hits="5000" branch="false"/>
              </lines>
            </method>
            <method name="ListaEnlazada&lt;Laboratorio&gt;::Node::~Node" signature="()" line-rate="1.0" branch-rate="1.0" complexity="0.0">
              <lines>
                <line number="46" hits="48" branch="false"/>
              </lines>
            </method>
            <method name="ListaEnlazada&lt;Laboratorio const*&gt;::size" signature="() const" line-rate="1.0" branch-rate="1.0" complexity="0.0">
              <lines>
                <line number="215" hits="50" branch="false"/>
              </lines>
            </method>
            <method name="ListaEnlazada&lt;Laboratorio*&gt;::size" signature="() const" line-rate="1.0" branch-rate="1.0" complexity="0.0">
              <lines>
                <line number="215" hits="100" branch="false"/>
              </lines>
            </method>
          </methods>
          <lines>
            <line number="40" hits="48" branch="false"/>
            <line number="40" hits="31" branch="false"/>
            <line number="40" hits="8" branch="false"/>
            <line number="40" hits="5000" branch="false"/>
            <line number="41" hits="48" branch="false"/>
            <line number="41" hits="31" branch="false"/>
            <line number="41" hits="8" branch="false"/>
            <line number="41" hits="5000" branch="false"/>
            <line number="46" hits="48" branch="false"/>
            <line number="215" hits="100" branch="false"/>
            <line number="215" hits="50" branch="false"/>
          </lines>
        </class>
        <class name="PaMedicamento_h" filename="include/PaMedicamento.h" line-rate="1.0" branch-rate="1.0" complexity="0.0">
          <methods>
            <method name="operator==" signature="(PaMedicamento const&amp;, PaMedicamento const&amp;)" line-rate="1.0" branch-rate="1.0" complexity="0.0">
              <lines>
                <line number="59" hits="15" branch="false"/>
                <line number="60" hits="15" branch="false"/>
              </lines>
            </method>
          </methods>
          <lines>
            <line number="59" hits="15" branch="false"/>
            <line number="60" hits="15" branch="false"/>
          </lines>
        </class>
      </classes>
    </package>
    <package name="src" line-rate="0.8618705035971223" branch-rate="0.7338003502626971" complexity="0.0">
      <classes>
        <class name="Laboratorio_cpp" filename="src/Laboratorio.cpp" line-rate="0.4358974358974359" branch-rate="0.5" complexity="0.0">
          <methods>
            <method name="Laboratorio::Laboratorio" signature="()" line-rate="0.0" branch-rate="0.0" complexity="0.0">
              <lines>
                <line number="15" hits="0" branch="false"/>
                <line number="16" hits="0" branch="false"/>
                <line number="17" hits="0" branch="true" condition-coverage="0% (0/1)">
                  <conditions>
                    <condition number="0" type="jump" coverage="0%"/>
                  </conditions>
                </line>
                <line number="18" hits="0" branch="true" condition-coverage="0% (0/1)">
                  <conditions>
                    <condition number="0" type="jump" coverage="0%"/>
                  </conditions>
                </line>
                <line number="19" hits="0" branch="true" condition-coverage="0% (0/1)">
                  <conditions>
                    <condition number="0" type="jump" coverage="0%"/>
                  </conditions>
                </line>
                <line number="20" hits="0" branch="true" condition-coverage="0% (0/1)">
                  <conditions>
                    <condition number="0" type="jump" coverage="0%"/>
                  </conditions>
                </line>
                <line number="21" hits="0" branch="false"/>
              </lines>
            </method>
            <method name="Laboratorio::Laboratorio" signature="(int, std::basic_string_view&lt;char, std::char_traits&lt;char&gt; &gt;, std::basic_string_view&lt;char, std::char_traits&lt;char&gt; &gt;, std::basic_string_view&lt;char, std::char_traits&lt;char&gt; &gt;, std::basic_string_view&lt;char, std::char_traits&lt;char&gt; &gt;)" line-rate="1.0" branch-rate="1.0" complexity="0.0">
              <lines>
                <line number="23" hits="27" branch="false"/>
                <line number="24" hits="27" branch="false"/>
                <line number="25" hits="27" branch="true" condition-coverage="100% (1/1)">
                  <conditions>
                    <condition number="0" type="jump" coverage="100%"/>
                  </conditions>
                </line>
                <line number="26" hits="27" branch="true" condition-coverage="100% (1/1)">
                  <conditions>
                    <condition number="0" type="jump" coverage="100%"/>
                  </conditions>
                </line>
                <line number="27" hits="27" branch="true" condition-coverage="100% (1/1)">
                  <conditions>
                    <condition number="0" type="jump" coverage="100%"/>
                  </conditions>
                </line>
                <line number="28" hits="27" branch="true" condition-coverage="100% (1/1)">
                  <conditions>
                    <condition number="0" type="jump" coverage="100%"/>
                  </conditions>
                </line>
                <line number="29" hits="27" branch="false"/>
              </lines>
            </method>
            <method name="Laboratorio::getId" signature="() const" line-rate="1.0" branch-rate="1.0" complexity="0.0">
              <lines>
                <line number="34" hits="29" branch="false"/>
                <line number="35" hits="29" branch="false"/>
              </lines>
            </method>
            <method name="Laboratorio::getLabName[abi:cxx11]" signature="() const" line-rate="1.0" branch-rate="1.0" complexity="0.0">
              <lines>
                <line number="38" hits="29" branch="false"/>
                <line number="39" hits="29" branch="false"/>
              </lines>
            </method>
            <method name="Laboratorio::getAddress[abi:cxx11]" signature="() const" line-rate="1.0" branch-rate="1.0" complexity="0.0">
              <lines>
                <line number="42" hits="29" branch="false"/>
                <line number="43" hits="29" branch="false"/>
              </lines>
            </method>
            <method name="Laboratorio::getPostalCode[abi:cxx11]" signature="() const" line-rate="1.0" branch-rate="1.0" complexity="0.0">
              <lines>
                <line number="46" hits="29" branch="false"/>
                <line number="47" hits="29" branch="false"/>
              </lines>
            </method>
            <method name="Laboratorio::getCity[abi:cxx11]" signature="() const" line-rate="1.0" branch-rate="1.0" complexity="0.0">
              <lines>
                <line number="50" hits="113" branch="false"/>
                <line number="51" hits="113" branch="false"/>
              </lines>
            </method>
            <method name="Laboratorio::setId" signature="(int)" line-rate="0.0" branch-rate="1.0" complexity="0.0">
              <lines>
                <line number="57" hits="0" branch="false"/>
                <line number="58" hits="0" branch="false"/>
                <line number="59" hits="0" branch="false"/>
              </lines>
            </method>
            <method name="Laboratorio::setLabName" signature="(std::basic_string_view&lt;char, std::char_traits&lt;char&gt; &gt;)" line-rate="0.0" branch-rate="1.0" complexity="0.0">
              <lines>
                <line number="61" hits="0" branch="false"/>
                <line number="62" hits="0" branch="false"/>
                <line number="63" hits="0" branch="false"/>
              </lines>
            </method>
            <method name="Laboratorio::setAddress" signature="(std::basic_string_view&lt;char, std::char_traits&lt;char&gt; &gt;)" line-rate="0.0" branch-rate="1.0" complexity="0.0">
              <lines>
                <line number="65" hits="0" branch="false"/>
                <line number="66" hits="0" branch="false"/>
                <line number="67" hits="0" branch="false"/>
              </lines>
            </method>
            <method name="Laboratorio::setPostalCode" signature="(std::basic_string_view&lt;char, std::char_traits&lt;char&gt; &gt;)" line-rate="0.0" branch-rate="1.0" complexity="0.0">
              <lines>
                <line number="69" hits="0" branch="false"/>
                <line number="70" hits="0" branch="false"/>
                <line number="71" hits="0" branch="false"/>
              </lines>
            </method>
            <method name="Laboratorio::setCity" signature="(std::basic_string_view&lt;char, std::char_traits&lt;char&gt; &gt;)" line-rate="0.0" branch-rate="1.0" complexity="0.0">
              <lines>
                <line number="73" hits="0" branch="false"/>
                <line number="74" hits="0" branch="false"/>
                <line number="75" hits="0" branch="false"/>
              </lines>
            </method>
          </methods>
          <lines>
            <line number="15" hits="0" branch="false"/>
            <line number="16" hits="0" branch="false"/>
            <line number="17" hits="0" branch="true" condition-coverage="0% (0/1)">
              <conditions>
                <condition number="0" type="jump" coverage="0%"/>
              </conditions>
            </line>
            <line number="18" hits="0" branch="true" condition-coverage="0% (0/1)">
              <conditions>
                <condition number="0" type="jump" coverage="0%"/>
              </conditions>
            </line>
            <line number="19" hits="0" branch="true" condition-coverage="0% (0/1)">
              <conditions>
                <condition number="0" type="jump" coverage="0%"/>
              </conditions>
            </line>
            <line number="20" hits="0" branch="true" condition-coverage="0% (0/1)">
              <conditions>
                <condition number="0" type="jump" coverage="0%"/>
              </conditions>
            </line>
            <line number="21" hits="0" branch="false"/>
            <line number="23" hits="27" branch="false"/>
            <line number="24" hits="27" branch="false"/>
            <line number="25" hits="27" branch="true" condition-coverage="100% (1/1)">
              <conditions>
                <condition number="0" type="jump" coverage="100%"/>
              </conditions>
            </line>
            <line number="26" hits="27" branch="true" condition-coverage="100% (1/1)">
              <conditions>
                <condition number="0" type="jump" coverage="100%"/>
              </conditions>
            </line>
            <line number="27" hits="27" branch="true" condition-coverage="100% (1/1)">
              <conditions>
                <condition number="0" type="jump" coverage="100%"/>
              </conditions>
            </line>
            <line number="28" hits="27" branch="true" condition-coverage="100% (1/1)">
              <conditions>
                <condition number="0" type="jump" coverage="100%"/>
              </conditions>
            </line>
            <line number="29" hits="27" branch="false"/>
            <line number="34" hits="29" branch="false"/>
            <line number="35" hits="29" branch="false"/>
            <line number="38" hits="29" branch="false"/>
            <line number="39" hits="29" branch="false"/>
            <line number="42" hits="29" branch="false"/>
            <line number="43" hits="29" branch="false"/>
            <line number="46" hits="29" branch="false"/>
            <line number="47" hits="29" branch="false"/>
            <line number="50" hits="113" branch="false"/>
            <line number="51" hits="113" branch="false"/>
            <line number="57" hits="0" branch="false"/>
            <line number="58" hits="0" branch="false"/>
            <line number="59" hits="0" branch="false"/>
            <line number="61" hits="0" branch="false"/>
            <line number="62" hits="0" branch="false"/>
            <line number="63" hits="0" branch="false"/>
            <line number="65" hits="0" branch="false"/>
            <line number="66" hits="0" branch="false"/>
            <line number="67" hits="0" branch="false"/>
            <line number="69" hits="0" branch="false"/>
            <line number="70" hits="0" branch="false"/>
            <line number="71" hits="0" branch="false"/>
            <line number="73" hits="0" branch="false"/>
            <line number="74" hits="0" branch="false"/>
            <line number="75" hits="0" branch="false"/>
          </lines>
        </class>
        <class name="ListaEnlazada_tpp" filename="src/ListaEnlazada.tpp" line-rate="0.907258064516129" branch-rate="0.5338983050847458" complexity="0.0">
          <methods>
            <method name="ListaEnlazada&lt;Laboratorio const*&gt;::Iterator::Iterator" signature="(ListaEnlazada&lt;Laboratorio const*&gt;::Node*)" line-rate="1.0" branch-rate="1.0" complexity="0.0">
              <lines>
                <line number="23" hits="34" branch="false"/>
                <line number="24" hits="34" branch="false"/>
                <line number="25" hits="34" branch="false"/>
              </lines>
            </method>
            <method name="ListaEnlazada&lt;Laboratorio*&gt;::Iterator::Iterator" signature="(ListaEnlazada&lt;Laboratorio*&gt;::Node*)" line-rate="1.0" branch-rate="1.0" complexity="0.0">
              <lines>
                <line number="23" hits="75" branch="false"/>
                <line number="24" hits="75" branch="false"/>
                <line number="25" hits="75" branch="false"/>
[...]
            <line number="91" hits="2" branch="true" condition-coverage="100% (2/2)">
              <conditions>
                <condition number="0" type="jump" coverage="100%"/>
              </conditions>
            </line>
            <line number="92" hits="1" branch="true" condition-coverage="100% (2/2)">
              <conditions>
                <condition number="0" type="jump" coverage="100%"/>
              </conditions>
            </line>
            <line number="93" hits="1" branch="false"/>
            <line number="97" hits="6" branch="false"/>
            <line number="98" hits="6" branch="false"/>
            <line number="99" hits="6" branch="false"/>
            <line number="100" hits="6" branch="false"/>
            <line number="102" hits="6" branch="false"/>
            <line number="103" hits="6" branch="false"/>
            <line number="104" hits="6" branch="false"/>
            <line number="107" hits="6" branch="false"/>
            <line number="108" hits="6" branch="false"/>
            <line number="109" hits="6" branch="false"/>
            <line number="125" hits="1" branch="false"/>
            <line number="125" hits="1" branch="false"/>
            <line number="125" hits="1" branch="false"/>
            <line number="125" hits="1" branch="false"/>
            <line number="126" hits="1" branch="true" condition-coverage="100% (1/1)">
              <conditions>
                <condition number="0" type="jump" coverage="100%"/>
              </conditions>
            </line>
            <line number="128" hits="1" branch="true" condition-coverage="100% (1/1)">
              <conditions>
                <condition number="0" type="jump" coverage="100%"/>
              </conditions>
            </line>
            <line number="130" hits="1" branch="true" condition-coverage="100% (1/1)">
              <conditions>
                <condition number="0" type="jump" coverage="100%"/>
              </conditions>
            </line>
            <line number="132" hits="1" branch="true" condition-coverage="33% (2/6)">
              <conditions>
                <condition number="0" type="jump" coverage="33%"/>
              </conditions>
            </line>
            <line number="133" hits="1" branch="true" condition-coverage="0% (0/1)">
              <conditions>
                <condition number="0" type="jump" coverage="0%"/>
              </conditions>
            </line>
            <line number="134" hits="1" branch="true" condition-coverage="33% (2/6)">
              <conditions>
                <condition number="0" type="jump" coverage="33%"/>
              </conditions>
            </line>
            <line number="135" hits="1" branch="true" condition-coverage="0% (0/1)">
              <conditions>
                <condition number="0" type="jump" coverage="0%"/>
              </conditions>
            </line>
            <line number="136" hits="1" branch="true" condition-coverage="33% (2/6)">
              <conditions>
                <condition number="0" type="jump" coverage="33%"/>
              </conditions>
            </line>
            <line number="137" hits="1" branch="true" condition-coverage="0% (0/1)">
              <conditions>
                <condition number="0" type="jump" coverage="0%"/>
              </conditions>
            </line>
            <line number="138" hits="1" branch="true" condition-coverage="33% (2/6)">
              <conditions>
                <condition number="0" type="jump" coverage="33%"/>
              </conditions>
            </line>
            <line number="139" hits="1" branch="true" condition-coverage="0% (0/4)">
              <conditions>
                <condition number="0" type="jump" coverage="0%"/>
              </conditions>
            </line>
            <line number="140" hits="1" branch="false"/>
            <line number="156" hits="1" branch="false"/>
            <line number="156" hits="1" branch="false"/>
            <line number="156" hits="1" branch="false"/>
            <line number="156" hits="1" branch="false"/>
            <line number="157" hits="1" branch="true" condition-coverage="100% (1/1)">
              <conditions>
                <condition number="0" type="jump" coverage="100%"/>
              </conditions>
            </line>
            <line number="159" hits="1" branch="true" condition-coverage="100% (1/1)">
              <conditions>
                <condition number="0" type="jump" coverage="100%"/>
              </conditions>
            </line>
            <line number="161" hits="1" branch="true" condition-coverage="100% (1/1)">
              <conditions>
                <condition number="0" type="jump" coverage="100%"/>
              </conditions>
            </line>
            <line number="163" hits="1" branch="true" condition-coverage="33% (2/6)">
              <conditions>
                <condition number="0" type="jump" coverage="33%"/>
              </conditions>
            </line>
            <line number="164" hits="1" branch="true" condition-coverage="0% (0/1)">
              <conditions>
                <condition number="0" type="jump" coverage="0%"/>
              </conditions>
            </line>
            <line number="165" hits="1" branch="true" condition-coverage="33% (2/6)">
              <conditions>
                <condition number="0" type="jump" coverage="33%"/>
              </conditions>
            </line>
            <line number="166" hits="1" branch="true" condition-coverage="0% (0/1)">
              <conditions>
                <condition number="0" type="jump" coverage="0%"/>
              </conditions>
            </line>
            <line number="167" hits="1" branch="true" condition-coverage="33% (2/6)">
              <conditions>
                <condition number="0" type="jump" coverage="33%"/>
              </conditions>
            </line>
            <line number="168" hits="1" branch="true" condition-coverage="0% (0/1)">
              <conditions>
                <condition number="0" type="jump" coverage="0%"/>
              </conditions>
            </line>
            <line number="169" hits="1" branch="true" condition-coverage="33% (2/6)">
              <conditions>
                <condition number="0" type="jump" coverage="33%"/>
              </conditions>
            </line>
            <line number="170" hits="1" branch="true" condition-coverage="0% (0/1)">
              <conditions>
                <condition number="0" type="jump" coverage="0%"/>
              </conditions>
            </line>
            <line number="171" hits="1" branch="true" condition-coverage="33% (2/6)">
              <conditions>
                <condition number="0" type="jump" coverage="33%"/>
              </conditions>
            </line>
            <line number="172" hits="1" branch="true" condition-coverage="0% (0/2)">
              <conditions>
                <condition number="0" type="jump" coverage="0%"/>
              </conditions>
            </line>
            <line number="173" hits="1" branch="false"/>
            <line number="189" hits="1" branch="false"/>
            <line number="189" hits="1" branch="false"/>
            <line number="189" hits="1" branch="false"/>
            <line number="189" hits="1" branch="false"/>
            <line number="193" hits="1" branch="false"/>
            <line number="195" hits="1" branch="true" condition-coverage="33% (2/6)">
              <conditions>
                <condition number="0" type="jump" coverage="33%"/>
              </conditions>
            </line>
            <line number="196" hits="1" branch="true" condition-coverage="0% (0/2)">
              <conditions>
                <condition number="0" type="jump" coverage="0%"/>
              </conditions>
            </line>
            <line number="197" hits="1" branch="false"/>
            <line number="209" hits="1" branch="false"/>
            <line number="209" hits="1" branch="false"/>
            <line number="209" hits="1" branch="false"/>
            <line number="209" hits="1" branch="false"/>
            <line number="210" hits="1" branch="true" condition-coverage="100% (2/2)">
              <conditions>
                <condition number="0" type="jump" coverage="100%"/>
              </conditions>
            </line>
            <line number="211" hits="1" branch="true" condition-coverage="100% (1/1)">
              <conditions>
                <condition number="0" type="jump" coverage="100%"/>
              </conditions>
            </line>
            <line number="213" hits="1" branch="false"/>
            <line number="214" hits="1" branch="true" condition-coverage="100% (1/1)">
              <conditions>
                <condition number="0" type="jump" coverage="100%"/>
              </conditions>
            </line>
            <line number="216" hits="1" branch="true" condition-coverage="100% (1/1)">
              <conditions>
                <condition number="0" type="jump" coverage="100%"/>
              </conditions>
            </line>
            <line number="218" hits="1" branch="true" condition-coverage="16% (1/6)">
              <conditions>
                <condition number="0" type="jump" coverage="16%"/>
              </conditions>
            </line>
            <line number="219" hits="1" branch="true" condition-coverage="33% (2/6)">
              <conditions>
                <condition number="0" type="jump" coverage="33%"/>
              </conditions>
            </line>
            <line number="220" hits="1" branch="false"/>
            <line number="232" hits="1" branch="false"/>
            <line number="232" hits="1" branch="false"/>
            <line number="232" hits="1" branch="false"/>
            <line number="232" hits="1" branch="false"/>
            <line number="233" hits="1" branch="true" condition-coverage="100% (2/2)">
              <conditions>
                <condition number="0" type="jump" coverage="100%"/>
              </conditions>
            </line>
            <line number="234" hits="1" branch="true" condition-coverage="100% (1/1)">
              <conditions>
                <condition number="0" type="jump" coverage="100%"/>
              </conditions>
            </line>
            <line number="236" hits="1" branch="false"/>
            <line number="237" hits="1" branch="true" condition-coverage="100% (1/1)">
              <conditions>
                <condition number="0" type="jump" coverage="100%"/>
              </conditions>
            </line>
            <line number="239" hits="1" branch="true" condition-coverage="100% (1/1)">
              <conditions>
                <condition number="0" type="jump" coverage="100%"/>
              </conditions>
            </line>
            <line number="241" hits="1" branch="true" condition-coverage="16% (1/6)">
              <conditions>
                <condition number="0" type="jump" coverage="16%"/>
              </conditions>
            </line>
            <line number="242" hits="1" branch="false"/>
            <line number="255" hits="1" branch="false"/>
            <line number="255" hits="1" branch="false"/>
            <line number="255" hits="1" branch="false"/>
            <line number="255" hits="1" branch="false"/>
            <line number="256" hits="1" branch="true" condition-coverage="100% (2/2)">
              <conditions>
                <condition number="0" type="jump" coverage="100%"/>
              </conditions>
            </line>
            <line number="257" hits="1" branch="true" condition-coverage="100% (1/1)">
              <conditions>
                <condition number="0" type="jump" coverage="100%"/>
              </conditions>
            </line>
            <line number="259" hits="1" branch="false"/>
            <line number="260" hits="1" branch="true" condition-coverage="100% (1/1)">
              <conditions>
                <condition number="0" type="jump" coverage="100%"/>
              </conditions>
            </line>
            <line number="262" hits="1" branch="true" condition-coverage="100% (1/1)">
              <conditions>
                <condition number="0" type="jump" coverage="100%"/>
              </conditions>
            </line>
            <line number="264" hits="1" branch="true" condition-coverage="16% (1/6)">
              <conditions>
                <condition number="0" type="jump" coverage="16%"/>
              </conditions>
            </line>
            <line number="265" hits="1" branch="false"/>
            <line number="279" hits="1" branch="false"/>
            <line number="279" hits="1" branch="false"/>
            <line number="279" hits="1" branch="false"/>
            <line number="279" hits="1" branch="false"/>
            <line number="280" hits="1" branch="true" condition-coverage="100% (1/1)">
              <conditions>
                <condition number="0" type="jump" coverage="100%"/>
              </conditions>
            </line>
            <line number="281" hits="3" branch="true" condition-coverage="100% (1/1)">
              <conditions>
                <condition number="0" type="jump" coverage="100%"/>
              </conditions>
            </line>
            <line number="286" hits="1" branch="true" condition-coverage="100% (1/1)">
              <conditions>
                <condition number="0" type="jump" coverage="100%"/>
              </conditions>
            </line>
            <line number="287" hits="2" branch="true" condition-coverage="100% (1/1)">
              <conditions>
                <condition number="0" type="jump" coverage="100%"/>
              </conditions>
            </line>
            <line number="290" hits="1" branch="true" condition-coverage="100% (1/1)">
              <conditions>
                <condition number="0" type="jump" coverage="100%"/>
              </conditions>
            </line>
            <line number="292" hits="1" branch="true" condition-coverage="100% (1/1)">
              <conditions>
                <condition number="0" type="jump" coverage="100%"/>
              </conditions>
            </line>
            <line number="293" hits="1" branch="true" condition-coverage="33% (2/6)">
              <conditions>
                <condition number="0" type="jump" coverage="33%"/>
              </conditions>
            </line>
            <line number="294" hits="1" branch="true" condition-coverage="0% (0/1)">
              <conditions>
                <condition number="0" type="jump" coverage="0%"/>
              </conditions>
            </line>
            <line number="295" hits="1" branch="false"/>
            <line number="310" hits="1" branch="false"/>
            <line number="310" hits="1" branch="false"/>
            <line number="310" hits="1" branch="false"/>
            <line number="310" hits="1" branch="false"/>
            <line number="314" hits="1" branch="true" condition-coverage="100% (1/1)">
              <conditions>
                <condition number="0" type="jump" coverage="100%"/>
              </conditions>
            </line>
            <line number="315" hits="3" branch="true" condition-coverage="100% (1/1)">
              <conditions>
                <condition number="0" type="jump" coverage="100%"/>
              </conditions>
            </line>
            <line number="317" hits="1" branch="true" condition-coverage="100% (1/1)">
              <conditions>
                <condition number="0" type="jump" coverage="100%"/>
              </conditions>
            </line>
            <line number="318" hits="2" branch="true" condition-coverage="100% (1/1)">
              <conditions>
                <condition number="0" type="jump" coverage="100%"/>
              </conditions>
            </line>
            <line number="320" hits="1" branch="true" condition-coverage="100% (1/1)">
              <conditions>
                <condition number="0" type="jump" coverage="100%"/>
              </conditions>
            </line>
            <line number="322" hits="1" branch="true" condition-coverage="100% (1/1)">
              <conditions>
                <condition number="0" type="jump" coverage="100%"/>
              </conditions>
            </line>
            <line number="323" hits="1" branch="true" condition-coverage="33% (2/6)">
              <conditions>
                <condition number="0" type="jump" coverage="33%"/>
              </conditions>
            </line>
            <line number="324" hits="1" branch="true" condition-coverage="0% (0/1)">
              <conditions>
                <condition number="0" type="jump" coverage="0%"/>
              </conditions>
            </line>
            <line number="325" hits="1" branch="false"/>
            <line number="327" hits="1" branch="false"/>
            <line number="327" hits="1" branch="false"/>
            <line number="327" hits="1" branch="false"/>
            <line number="327" hits="1" branch="false"/>
            <line number="328" hits="1" branch="true" condition-coverage="100% (1/1)">
              <conditions>
                <condition number="0" type="jump" coverage="100%"/>
              </conditions>
            </line>
            <line number="329" hits="3" branch="true" condition-coverage="100% (1/1)">
              <conditions>
                <condition number="0" type="jump" coverage="100%"/>
              </conditions>
            </line>
            <line number="332" hits="1" branch="true" condition-coverage="100% (1/1)">
              <conditions>
                <condition number="0" type="jump" coverage="100%"/>
              </conditions>
            </line>
            <line number="333" hits="2" branch="true" condition-coverage="100% (1/1)">
              <conditions>
                <condition number="0" type="jump" coverage="100%"/>
              </conditions>
            </line>
            <line number="335" hits="1" branch="true" condition-coverage="100% (1/1)">
              <conditions>
                <condition number="0" type="jump" coverage="100%"/>
              </conditions>
            </line>
            <line number="337" hits="1" branch="true" condition-coverage="100% (1/1)">
              <conditions>
                <condition number="0" type="jump" coverage="100%"/>
              </conditions>
            </line>
            <line number="338" hits="1" branch="true" condition-coverage="33% (3/9)">
              <conditions>
                <condition number="0" type="jump" coverage="33%"/>
              </conditions>
            </line>
            <line number="340" hits="2" branch="true" condition-coverage="100% (1/1)">
              <conditions>
                <condition number="0" type="jump" coverage="100%"/>
              </conditions>
            </line>
            <line number="341" hits="1" branch="true" condition-coverage="100% (2/2)">
              <conditions>
                <condition number="0" type="jump" coverage="100%"/>
              </conditions>
            </line>
            <line number="343" hits="2" branch="true" condition-coverage="100% (1/1)">
              <conditions>
                <condition number="0" type="jump" coverage="100%"/>
              </conditions>
            </line>
            <line number="344" hits="1" branch="true" condition-coverage="33% (2/6)">
              <conditions>
                <condition number="0" type="jump" coverage="33%"/>
              </conditions>
            </line>
            <line number="345" hits="1" branch="true" condition-coverage="0% (0/1)">
              <conditions>
                <condition number="0" type="jump" coverage="0%"/>
              </conditions>
            </line>
            <line number="346" hits="1" branch="false"/>
          </lines>
        </class>
      </classes>
    </package>
  </packages>
</coverage>
